<?xml version="1.0" encoding="UTF-8"?>
<testng-results skipped="1" failed="0" total="2" passed="1">
  <reporter-output>
  </reporter-output>
  <suite name="Default suite" duration-ms="54292" started-at="2017-10-11T17:29:10Z" finished-at="2017-10-11T17:30:04Z">
    <groups>
    </groups>
    <test name="Default test" duration-ms="54292" started-at="2017-10-11T17:29:10Z" finished-at="2017-10-11T17:30:04Z">
      <class name="testCases.TC001_Login">
        <test-method status="PASS" signature="beforeSuite()[pri:0, instance:testCases.TC001_Login@1fb3008]" name="beforeSuite" is-config="true" duration-ms="2645" started-at="2017-10-11T22:59:07Z" finished-at="2017-10-11T22:59:10Z">
          <reporter-output>
          </reporter-output>
        </test-method> <!-- beforeSuite -->
        <test-method status="PASS" signature="beforeTest()[pri:0, instance:testCases.TC001_Login@1fb3008]" name="beforeTest" is-config="true" duration-ms="1" started-at="2017-10-11T22:59:10Z" finished-at="2017-10-11T22:59:10Z">
          <reporter-output>
          </reporter-output>
        </test-method> <!-- beforeTest -->
        <test-method status="PASS" signature="testDetails()[pri:0, instance:testCases.TC001_Login@1fb3008]" name="testDetails" is-config="true" duration-ms="0" started-at="2017-10-11T22:59:10Z" finished-at="2017-10-11T22:59:10Z">
          <reporter-output>
          </reporter-output>
        </test-method> <!-- testDetails -->
        <test-method status="PASS" signature="beforeMethod()[pri:0, instance:testCases.TC001_Login@1fb3008]" name="beforeMethod" is-config="true" duration-ms="36069" started-at="2017-10-11T22:59:13Z" finished-at="2017-10-11T22:59:49Z">
          <reporter-output>
          </reporter-output>
        </test-method> <!-- beforeMethod -->
        <test-method status="PASS" signature="login(java.lang.String, java.lang.String, java.lang.String)[pri:0, instance:testCases.TC001_Login@1fb3008]" name="login" duration-ms="7041" started-at="2017-10-11T22:59:49Z" data-provider="fetchData" finished-at="2017-10-11T22:59:56Z">
          <params>
            <param index="0">
              <value>
                <![CDATA[DemoSalesManager]]>
              </value>
            </param>
            <param index="1">
              <value>
                <![CDATA[crmsfa]]>
              </value>
            </param>
            <param index="2">
              <value>
                <![CDATA[Demo Sales Manager]]>
              </value>
            </param>
          </params>
          <reporter-output>
          </reporter-output>
        </test-method> <!-- login -->
        <test-method status="PASS" signature="afterMethod()[pri:0, instance:testCases.TC001_Login@1fb3008]" name="afterMethod" is-config="true" duration-ms="1704" started-at="2017-10-11T22:59:56Z" finished-at="2017-10-11T22:59:58Z">
          <reporter-output>
          </reporter-output>
        </test-method> <!-- afterMethod -->
        <test-method status="FAIL" signature="beforeMethod()[pri:0, instance:testCases.TC001_Login@1fb3008]" name="beforeMethod" is-config="true" duration-ms="0" started-at="2017-10-11T22:59:58Z" finished-at="2017-10-11T22:59:58Z">
          <exception class="java.lang.StackOverflowError">
            <full-stacktrace>
              <![CDATA[java.lang.StackOverflowError
	at java.util.regex.Pattern$Branch.match(Pattern.java:4604)
	at java.util.regex.Pattern$BranchConn.match(Pattern.java:4568)
	at java.util.regex.Pattern$GroupTail.match(Pattern.java:4717)
	at java.util.regex.Pattern$Curly.match0(Pattern.java:4279)
	at java.util.regex.Pattern$Curly.match(Pattern.java:4234)
	at java.util.regex.Pattern$GroupHead.match(Pattern.java:4658)
	at java.util.regex.Pattern$Branch.match(Pattern.java:4604)
	at java.util.regex.Pattern$Branch.match(Pattern.java:4602)
	at java.util.regex.Pattern$BmpCharProperty.match(Pattern.java:3798)
	at java.util.regex.Pattern$Start.match(Pattern.java:3461)
	at java.util.regex.Matcher.search(Matcher.java:1248)
	at java.util.regex.Matcher.find(Matcher.java:664)
	at java.util.Formatter.parse(Formatter.java:2549)
	at java.util.Formatter.format(Formatter.java:2501)
	at java.util.Formatter.format(Formatter.java:2455)
	at java.lang.String.format(String.java:2925)
	at org.openqa.selenium.remote.RemoteWebDriver.execute(RemoteWebDriver.java:634)
	at org.openqa.selenium.remote.RemoteWebDriver.execute(RemoteWebDriver.java:694)
	at org.openqa.selenium.remote.RemoteWebDriver.getScreenshotAs(RemoteWebDriver.java:382)
	at wrappers.GenericWrappers.takeSnap(GenericWrappers.java:568)
	at utils.Reporter.reportStep(Reporter.java:19)
	at wrappers.GenericWrappers.takeSnap(GenericWrappers.java:570)
	at utils.Reporter.reportStep(Reporter.java:19)
	at wrappers.GenericWrappers.takeSnap(GenericWrappers.java:570)
	at utils.Reporter.reportStep(Reporter.java:19)
	at wrappers.GenericWrappers.takeSnap(GenericWrappers.java:570)
	at utils.Reporter.reportStep(Reporter.java:19)
	at wrappers.GenericWrappers.takeSnap(GenericWrappers.java:570)
	at utils.Reporter.reportStep(Reporter.java:19)
	at wrappers.GenericWrappers.takeSnap(GenericWrappers.java:570)
	at utils.Reporter.reportStep(Reporter.java:19)
	at wrappers.GenericWrappers.takeSnap(GenericWrappers.java:570)
	at utils.Reporter.reportStep(Reporter.java:19)
	at wrappers.GenericWrappers.takeSnap(GenericWrappers.java:570)
	at utils.Reporter.reportStep(Reporter.java:19)
	at wrappers.GenericWrappers.takeSnap(GenericWrappers.java:570)
	at utils.Reporter.reportStep(Reporter.java:19)
	at wrappers.GenericWrappers.takeSnap(GenericWrappers.java:570)
	at utils.Reporter.reportStep(Reporter.java:19)
	at wrappers.GenericWrappers.takeSnap(GenericWrappers.java:570)
	at utils.Reporter.reportStep(Reporter.java:19)
	at wrappers.GenericWrappers.takeSnap(GenericWrappers.java:570)
	at utils.Reporter.reportStep(Reporter.java:19)
	at wrappers.GenericWrappers.takeSnap(GenericWrappers.java:570)
	at utils.Reporter.reportStep(Reporter.java:19)
	at wrappers.GenericWrappers.takeSnap(GenericWrappers.java:570)
	at utils.Reporter.reportStep(Reporter.java:19)
	at wrappers.GenericWrappers.takeSnap(GenericWrappers.java:570)
	at utils.Reporter.reportStep(Reporter.java:19)
	at wrappers.GenericWrappers.takeSnap(GenericWrappers.java:570)
	at utils.Reporter.reportStep(Reporter.java:19)
	at wrappers.GenericWrappers.takeSnap(GenericWrappers.java:570)
	at utils.Reporter.reportStep(Reporter.java:19)
	at wrappers.GenericWrappers.takeSnap(GenericWrappers.java:570)
	at utils.Reporter.reportStep(Reporter.java:19)
	at wrappers.GenericWrappers.takeSnap(GenericWrappers.java:570)
	at utils.Reporter.reportStep(Reporter.java:19)
	at wrappers.GenericWrappers.takeSnap(GenericWrappers.java:570)
	at utils.Reporter.reportStep(Reporter.java:19)
	at wrappers.GenericWrappers.takeSnap(GenericWrappers.java:570)
	at utils.Reporter.reportStep(Reporter.java:19)
	at wrappers.GenericWrappers.takeSnap(GenericWrappers.java:570)
	at utils.Reporter.reportStep(Reporter.java:19)
	at wrappers.GenericWrappers.takeSnap(GenericWrappers.java:570)
	at utils.Reporter.reportStep(Reporter.java:19)
	at wrappers.GenericWrappers.takeSnap(GenericWrappers.java:570)
	at utils.Reporter.reportStep(Reporter.java:19)
	at wrappers.GenericWrappers.takeSnap(GenericWrappers.java:570)
	at utils.Reporter.reportStep(Reporter.java:19)
	at wrappers.GenericWrappers.takeSnap(GenericWrappers.java:570)
	at utils.Reporter.reportStep(Reporter.java:19)
	at wrappers.GenericWrappers.takeSnap(GenericWrappers.java:570)
	at utils.Reporter.reportStep(Reporter.java:19)
	at wrappers.GenericWrappers.takeSnap(GenericWrappers.java:570)
	at utils.Reporter.reportStep(Reporter.java:19)
	at wrappers.GenericWrappers.takeSnap(GenericWrappers.java:570)
	at utils.Reporter.reportStep(Reporter.java:19)
	at wrappers.GenericWrappers.takeSnap(GenericWrappers.java:570)
	at utils.Reporter.reportStep(Reporter.java:19)
	at wrappers.GenericWrappers.takeSnap(GenericWrappers.java:570)
	at utils.Reporter.reportStep(Reporter.java:19)
	at wrappers.GenericWrappers.takeSnap(GenericWrappers.java:570)
	at utils.Reporter.reportStep(Reporter.java:19)
	at wrappers.GenericWrappers.takeSnap(GenericWrappers.java:570)
	at utils.Reporter.reportStep(Reporter.java:19)
	at wrappers.GenericWrappers.takeSnap(GenericWrappers.java:570)
	at utils.Reporter.reportStep(Reporter.java:19)
	at wrappers.GenericWrappers.takeSnap(GenericWrappers.java:570)
	at utils.Reporter.reportStep(Reporter.java:19)
	at wrappers.GenericWrappers.takeSnap(GenericWrappers.java:570)
	at utils.Reporter.reportStep(Reporter.java:19)
	at wrappers.GenericWrappers.takeSnap(GenericWrappers.java:570)
	at utils.Reporter.reportStep(Reporter.java:19)
	at wrappers.GenericWrappers.takeSnap(GenericWrappers.java:570)
	at utils.Reporter.reportStep(Reporter.java:19)
	at wrappers.GenericWrappers.takeSnap(GenericWrappers.java:570)
	at utils.Reporter.reportStep(Reporter.java:19)
	at wrappers.GenericWrappers.takeSnap(GenericWrappers.java:570)
	at utils.Reporter.reportStep(Reporter.java:19)
	at wrappers.GenericWrappers.takeSnap(GenericWrappers.java:570)
	at utils.Reporter.reportStep(Reporter.java:19)
	at wrappers.GenericWrappers.takeSnap(GenericWrappers.java:570)
	at utils.Reporter.reportStep(Reporter.java:19)
	at wrappers.GenericWrappers.takeSnap(GenericWrappers.java:570)
	at utils.Reporter.reportStep(Reporter.java:19)
	at wrappers.GenericWrappers.takeSnap(GenericWrappers.java:570)
	at utils.Reporter.reportStep(Reporter.java:19)
	at wrappers.GenericWrappers.takeSnap(GenericWrappers.java:570)
	at utils.Reporter.reportStep(Reporter.java:19)
	at wrappers.GenericWrappers.takeSnap(GenericWrappers.java:570)
	at utils.Reporter.reportStep(Reporter.java:19)
	at wrappers.GenericWrappers.takeSnap(GenericWrappers.java:570)
	at utils.Reporter.reportStep(Reporter.java:19)
	at wrappers.GenericWrappers.takeSnap(GenericWrappers.java:570)
	at utils.Reporter.reportStep(Reporter.java:19)
	at wrappers.GenericWrappers.takeSnap(GenericWrappers.java:570)
	at utils.Reporter.reportStep(Reporter.java:19)
	at wrappers.GenericWrappers.takeSnap(GenericWrappers.java:570)
	at utils.Reporter.reportStep(Reporter.java:19)
	at wrappers.GenericWrappers.takeSnap(GenericWrappers.java:570)
	at utils.Reporter.reportStep(Reporter.java:19)
	at wrappers.GenericWrappers.takeSnap(GenericWrappers.java:570)
	at utils.Reporter.reportStep(Reporter.java:19)
	at wrappers.GenericWrappers.takeSnap(GenericWrappers.java:570)
	at utils.Reporter.reportStep(Reporter.java:19)
	at wrappers.GenericWrappers.takeSnap(GenericWrappers.java:570)
	at utils.Reporter.reportStep(Reporter.java:19)
	at wrappers.GenericWrappers.takeSnap(GenericWrappers.java:570)
	at utils.Reporter.reportStep(Reporter.java:19)
	at wrappers.GenericWrappers.takeSnap(GenericWrappers.java:570)
	at utils.Reporter.reportStep(Reporter.java:19)
	at wrappers.GenericWrappers.takeSnap(GenericWrappers.java:570)
	at utils.Reporter.reportStep(Reporter.java:19)
	at wrappers.GenericWrappers.takeSnap(GenericWrappers.java:570)
	at utils.Reporter.reportStep(Reporter.java:19)
	at wrappers.GenericWrappers.takeSnap(GenericWrappers.java:570)
	at utils.Reporter.reportStep(Reporter.java:19)
	at wrappers.GenericWrappers.takeSnap(GenericWrappers.java:570)
	at utils.Reporter.reportStep(Reporter.java:19)
	at wrappers.GenericWrappers.takeSnap(GenericWrappers.java:570)
	at utils.Reporter.reportStep(Reporter.java:19)
	at wrappers.GenericWrappers.takeSnap(GenericWrappers.java:570)
	at utils.Reporter.reportStep(Reporter.java:19)
	at wrappers.GenericWrappers.takeSnap(GenericWrappers.java:570)
	at utils.Reporter.reportStep(Reporter.java:19)
	at wrappers.GenericWrappers.takeSnap(GenericWrappers.java:570)
	at utils.Reporter.reportStep(Reporter.java:19)
	at wrappers.GenericWrappers.takeSnap(GenericWrappers.java:570)
	at utils.Reporter.reportStep(Reporter.java:19)
	at wrappers.GenericWrappers.takeSnap(GenericWrappers.java:570)
	at utils.Reporter.reportStep(Reporter.java:19)
	at wrappers.GenericWrappers.takeSnap(GenericWrappers.java:570)
	at utils.Reporter.reportStep(Reporter.java:19)
	at wrappers.GenericWrappers.takeSnap(GenericWrappers.java:570)
	at utils.Reporter.reportStep(Reporter.java:19)
	at wrappers.GenericWrappers.takeSnap(GenericWrappers.java:570)
	at utils.Reporter.reportStep(Reporter.java:19)
	at wrappers.GenericWrappers.takeSnap(GenericWrappers.java:570)
	at utils.Reporter.reportStep(Reporter.java:19)
	at wrappers.GenericWrappers.takeSnap(GenericWrappers.java:570)
	at utils.Reporter.reportStep(Reporter.java:19)
	at wrappers.GenericWrappers.takeSnap(GenericWrappers.java:570)
	at utils.Reporter.reportStep(Reporter.java:19)
	at wrappers.GenericWrappers.takeSnap(GenericWrappers.java:570)
	at utils.Reporter.reportStep(Reporter.java:19)
	at wrappers.GenericWrappers.takeSnap(GenericWrappers.java:570)
	at utils.Reporter.reportStep(Reporter.java:19)
	at wrappers.GenericWrappers.takeSnap(GenericWrappers.java:570)
	at utils.Reporter.reportStep(Reporter.java:19)
	at wrappers.GenericWrappers.takeSnap(GenericWrappers.java:570)
	at utils.Reporter.reportStep(Reporter.java:19)
	at wrappers.GenericWrappers.takeSnap(GenericWrappers.java:570)
	at utils.Reporter.reportStep(Reporter.java:19)
	at wrappers.GenericWrappers.takeSnap(GenericWrappers.java:570)
	at utils.Reporter.reportStep(Reporter.java:19)
	at wrappers.GenericWrappers.takeSnap(GenericWrappers.java:570)
	at utils.Reporter.reportStep(Reporter.java:19)
	at wrappers.GenericWrappers.takeSnap(GenericWrappers.java:570)
	at utils.Reporter.reportStep(Reporter.java:19)
	at wrappers.GenericWrappers.takeSnap(GenericWrappers.java:570)
	at utils.Reporter.reportStep(Reporter.java:19)
	at wrappers.GenericWrappers.takeSnap(GenericWrappers.java:570)
	at utils.Reporter.reportStep(Reporter.java:19)
	at wrappers.GenericWrappers.takeSnap(GenericWrappers.java:570)
	at utils.Reporter.reportStep(Reporter.java:19)
	at wrappers.GenericWrappers.takeSnap(GenericWrappers.java:570)
	at utils.Reporter.reportStep(Reporter.java:19)
	at wrappers.GenericWrappers.takeSnap(GenericWrappers.java:570)
	at utils.Reporter.reportStep(Reporter.java:19)
	at wrappers.GenericWrappers.takeSnap(GenericWrappers.java:570)
	at utils.Reporter.reportStep(Reporter.java:19)
	at wrappers.GenericWrappers.takeSnap(GenericWrappers.java:570)
	at utils.Reporter.reportStep(Reporter.java:19)
	at wrappers.GenericWrappers.takeSnap(GenericWrappers.java:570)
	at utils.Reporter.reportStep(Reporter.java:19)
	at wrappers.GenericWrappers.takeSnap(GenericWrappers.java:570)
	at utils.Reporter.reportStep(Reporter.java:19)
	at wrappers.GenericWrappers.takeSnap(GenericWrappers.java:570)
	at utils.Reporter.reportStep(Reporter.java:19)
	at wrappers.GenericWrappers.takeSnap(GenericWrappers.java:570)
	at utils.Reporter.reportStep(Reporter.java:19)
	at wrappers.GenericWrappers.takeSnap(GenericWrappers.java:570)
	at utils.Reporter.reportStep(Reporter.java:19)
	at wrappers.GenericWrappers.takeSnap(GenericWrappers.java:570)
	at utils.Reporter.reportStep(Reporter.java:19)
	at wrappers.GenericWrappers.takeSnap(GenericWrappers.java:570)
	at utils.Reporter.reportStep(Reporter.java:19)
	at wrappers.GenericWrappers.takeSnap(GenericWrappers.java:570)
	at utils.Reporter.reportStep(Reporter.java:19)
	at wrappers.GenericWrappers.takeSnap(GenericWrappers.java:570)
	at utils.Reporter.reportStep(Reporter.java:19)
	at wrappers.GenericWrappers.takeSnap(GenericWrappers.java:570)
	at utils.Reporter.reportStep(Reporter.java:19)
	at wrappers.GenericWrappers.takeSnap(GenericWrappers.java:570)
	at utils.Reporter.reportStep(Reporter.java:19)
	at wrappers.GenericWrappers.takeSnap(GenericWrappers.java:570)
	at utils.Reporter.reportStep(Reporter.java:19)
	at wrappers.GenericWrappers.takeSnap(GenericWrappers.java:570)
	at utils.Reporter.reportStep(Reporter.java:19)
	at wrappers.GenericWrappers.takeSnap(GenericWrappers.java:570)
	at utils.Reporter.reportStep(Reporter.java:19)
	at wrappers.GenericWrappers.takeSnap(GenericWrappers.java:570)
	at utils.Reporter.reportStep(Reporter.java:19)
	at wrappers.GenericWrappers.takeSnap(GenericWrappers.java:570)
	at utils.Reporter.reportStep(Reporter.java:19)
	at wrappers.GenericWrappers.takeSnap(GenericWrappers.java:570)
	at utils.Reporter.reportStep(Reporter.java:19)
	at wrappers.GenericWrappers.takeSnap(GenericWrappers.java:570)
	at utils.Reporter.reportStep(Reporter.java:19)
	at wrappers.GenericWrappers.takeSnap(GenericWrappers.java:570)
	at utils.Reporter.reportStep(Reporter.java:19)
	at wrappers.GenericWrappers.takeSnap(GenericWrappers.java:570)
	at utils.Reporter.reportStep(Reporter.java:19)
	at wrappers.GenericWrappers.takeSnap(GenericWrappers.java:570)
	at utils.Reporter.reportStep(Reporter.java:19)
	at wrappers.GenericWrappers.takeSnap(GenericWrappers.java:570)
	at utils.Reporter.reportStep(Reporter.java:19)
	at wrappers.GenericWrappers.takeSnap(GenericWrappers.java:570)
	at utils.Reporter.reportStep(Reporter.java:19)
	at wrappers.GenericWrappers.takeSnap(GenericWrappers.java:570)
	at utils.Reporter.reportStep(Reporter.java:19)
	at wrappers.GenericWrappers.takeSnap(GenericWrappers.java:570)
	at utils.Reporter.reportStep(Reporter.java:19)
	at wrappers.GenericWrappers.takeSnap(GenericWrappers.java:570)
	at utils.Reporter.reportStep(Reporter.java:19)
	at wrappers.GenericWrappers.takeSnap(GenericWrappers.java:570)
	at utils.Reporter.reportStep(Reporter.java:19)
	at wrappers.GenericWrappers.takeSnap(GenericWrappers.java:570)
	at utils.Reporter.reportStep(Reporter.java:19)
	at wrappers.GenericWrappers.takeSnap(GenericWrappers.java:570)
	at utils.Reporter.reportStep(Reporter.java:19)
	at wrappers.GenericWrappers.takeSnap(GenericWrappers.java:570)
	at utils.Reporter.reportStep(Reporter.java:19)
	at wrappers.GenericWrappers.takeSnap(GenericWrappers.java:570)
	at utils.Reporter.reportStep(Reporter.java:19)
	at wrappers.GenericWrappers.takeSnap(GenericWrappers.java:570)
	at utils.Reporter.reportStep(Reporter.java:19)
	at wrappers.GenericWrappers.takeSnap(GenericWrappers.java:570)
	at utils.Reporter.reportStep(Reporter.java:19)
	at wrappers.GenericWrappers.takeSnap(GenericWrappers.java:570)
	at utils.Reporter.reportStep(Reporter.java:19)
	at wrappers.GenericWrappers.takeSnap(GenericWrappers.java:570)
	at utils.Reporter.reportStep(Reporter.java:19)
	at wrappers.GenericWrappers.takeSnap(GenericWrappers.java:570)
	at utils.Reporter.reportStep(Reporter.java:19)
	at wrappers.GenericWrappers.takeSnap(GenericWrappers.java:570)
	at utils.Reporter.reportStep(Reporter.java:19)
	at wrappers.GenericWrappers.takeSnap(GenericWrappers.java:570)
	at utils.Reporter.reportStep(Reporter.java:19)
	at wrappers.GenericWrappers.takeSnap(GenericWrappers.java:570)
	at utils.Reporter.reportStep(Reporter.java:19)
	at wrappers.GenericWrappers.takeSnap(GenericWrappers.java:570)
	at utils.Reporter.reportStep(Reporter.java:19)
	at wrappers.GenericWrappers.takeSnap(GenericWrappers.java:570)
	at utils.Reporter.reportStep(Reporter.java:19)
	at wrappers.GenericWrappers.takeSnap(GenericWrappers.java:570)
	at utils.Reporter.reportStep(Reporter.java:19)
	at wrappers.GenericWrappers.takeSnap(GenericWrappers.java:570)
	at utils.Reporter.reportStep(Reporter.java:19)
	at wrappers.GenericWrappers.takeSnap(GenericWrappers.java:570)
	at utils.Reporter.reportStep(Reporter.java:19)
	at wrappers.GenericWrappers.takeSnap(GenericWrappers.java:570)
	at utils.Reporter.reportStep(Reporter.java:19)
	at wrappers.GenericWrappers.takeSnap(GenericWrappers.java:570)
	at utils.Reporter.reportStep(Reporter.java:19)
	at wrappers.GenericWrappers.takeSnap(GenericWrappers.java:570)
	at utils.Reporter.reportStep(Reporter.java:19)
	at wrappers.GenericWrappers.takeSnap(GenericWrappers.java:570)
	at utils.Reporter.reportStep(Reporter.java:19)
	at wrappers.GenericWrappers.takeSnap(GenericWrappers.java:570)
	at utils.Reporter.reportStep(Reporter.java:19)
	at wrappers.GenericWrappers.takeSnap(GenericWrappers.java:570)
	at utils.Reporter.reportStep(Reporter.java:19)
	at wrappers.GenericWrappers.takeSnap(GenericWrappers.java:570)
	at utils.Reporter.reportStep(Reporter.java:19)
	at wrappers.GenericWrappers.takeSnap(GenericWrappers.java:570)
	at utils.Reporter.reportStep(Reporter.java:19)
	at wrappers.GenericWrappers.takeSnap(GenericWrappers.java:570)
	at utils.Reporter.reportStep(Reporter.java:19)
	at wrappers.GenericWrappers.takeSnap(GenericWrappers.java:570)
	at utils.Reporter.reportStep(Reporter.java:19)
	at wrappers.GenericWrappers.takeSnap(GenericWrappers.java:570)
	at utils.Reporter.reportStep(Reporter.java:19)
	at wrappers.GenericWrappers.takeSnap(GenericWrappers.java:570)
	at utils.Reporter.reportStep(Reporter.java:19)
	at wrappers.GenericWrappers.takeSnap(GenericWrappers.java:570)
	at utils.Reporter.reportStep(Reporter.java:19)
	at wrappers.GenericWrappers.takeSnap(GenericWrappers.java:570)
	at utils.Reporter.reportStep(Reporter.java:19)
	at wrappers.GenericWrappers.takeSnap(GenericWrappers.java:570)
	at utils.Reporter.reportStep(Reporter.java:19)
	at wrappers.GenericWrappers.takeSnap(GenericWrappers.java:570)
	at utils.Reporter.reportStep(Reporter.java:19)
	at wrappers.GenericWrappers.takeSnap(GenericWrappers.java:570)
	at utils.Reporter.reportStep(Reporter.java:19)
	at wrappers.GenericWrappers.takeSnap(GenericWrappers.java:570)
	at utils.Reporter.reportStep(Reporter.java:19)
	at wrappers.GenericWrappers.takeSnap(GenericWrappers.java:570)
	at utils.Reporter.reportStep(Reporter.java:19)
	at wrappers.GenericWrappers.takeSnap(GenericWrappers.java:570)
	at utils.Reporter.reportStep(Reporter.java:19)
	at wrappers.GenericWrappers.takeSnap(GenericWrappers.java:570)
	at utils.Reporter.reportStep(Reporter.java:19)
	at wrappers.GenericWrappers.takeSnap(GenericWrappers.java:570)
	at utils.Reporter.reportStep(Reporter.java:19)
	at wrappers.GenericWrappers.takeSnap(GenericWrappers.java:570)
	at utils.Reporter.reportStep(Reporter.java:19)
	at wrappers.GenericWrappers.takeSnap(GenericWrappers.java:570)
	at utils.Reporter.reportStep(Reporter.java:19)
	at wrappers.GenericWrappers.takeSnap(GenericWrappers.java:570)
	at utils.Reporter.reportStep(Reporter.java:19)
	at wrappers.GenericWrappers.takeSnap(GenericWrappers.java:570)
	at utils.Reporter.reportStep(Reporter.java:19)
	at wrappers.GenericWrappers.takeSnap(GenericWrappers.java:570)
	at utils.Reporter.reportStep(Reporter.java:19)
	at wrappers.GenericWrappers.takeSnap(GenericWrappers.java:570)
	at utils.Reporter.reportStep(Reporter.java:19)
	at wrappers.GenericWrappers.takeSnap(GenericWrappers.java:570)
	at utils.Reporter.reportStep(Reporter.java:19)
	at wrappers.GenericWrappers.takeSnap(GenericWrappers.java:570)
	at utils.Reporter.reportStep(Reporter.java:19)
	at wrappers.GenericWrappers.takeSnap(GenericWrappers.java:570)
	at utils.Reporter.reportStep(Reporter.java:19)
	at wrappers.GenericWrappers.takeSnap(GenericWrappers.java:570)
	at utils.Reporter.reportStep(Reporter.java:19)
	at wrappers.GenericWrappers.takeSnap(GenericWrappers.java:570)
	at utils.Reporter.reportStep(Reporter.java:19)
	at wrappers.GenericWrappers.takeSnap(GenericWrappers.java:570)
	at utils.Reporter.reportStep(Reporter.java:19)
	at wrappers.GenericWrappers.takeSnap(GenericWrappers.java:570)
	at utils.Reporter.reportStep(Reporter.java:19)
	at wrappers.GenericWrappers.takeSnap(GenericWrappers.java:570)
	at utils.Reporter.reportStep(Reporter.java:19)
	at wrappers.GenericWrappers.takeSnap(GenericWrappers.java:570)
	at utils.Reporter.reportStep(Reporter.java:19)
	at wrappers.GenericWrappers.takeSnap(GenericWrappers.java:570)
	at utils.Reporter.reportStep(Reporter.java:19)
	at wrappers.GenericWrappers.takeSnap(GenericWrappers.java:570)
	at utils.Reporter.reportStep(Reporter.java:19)
	at wrappers.GenericWrappers.takeSnap(GenericWrappers.java:570)
	at utils.Reporter.reportStep(Reporter.java:19)
	at wrappers.GenericWrappers.takeSnap(GenericWrappers.java:570)
	at utils.Reporter.reportStep(Reporter.java:19)
	at wrappers.GenericWrappers.takeSnap(GenericWrappers.java:570)
	at utils.Reporter.reportStep(Reporter.java:19)
	at wrappers.GenericWrappers.takeSnap(GenericWrappers.java:570)
	at utils.Reporter.reportStep(Reporter.java:19)
	at wrappers.GenericWrappers.takeSnap(GenericWrappers.java:570)
	at utils.Reporter.reportStep(Reporter.java:19)
	at wrappers.GenericWrappers.takeSnap(GenericWrappers.java:570)
	at utils.Reporter.reportStep(Reporter.java:19)
	at wrappers.GenericWrappers.takeSnap(GenericWrappers.java:570)
	at utils.Reporter.reportStep(Reporter.java:19)
	at wrappers.GenericWrappers.takeSnap(GenericWrappers.java:570)
	at utils.Reporter.reportStep(Reporter.java:19)
	at wrappers.GenericWrappers.takeSnap(GenericWrappers.java:570)
	at utils.Reporter.reportStep(Reporter.java:19)
	at wrappers.GenericWrappers.takeSnap(GenericWrappers.java:570)
	at utils.Reporter.reportStep(Reporter.java:19)
	at wrappers.GenericWrappers.takeSnap(GenericWrappers.java:570)
	at utils.Reporter.reportStep(Reporter.java:19)
	at wrappers.GenericWrappers.takeSnap(GenericWrappers.java:570)
	at utils.Reporter.reportStep(Reporter.java:19)
	at wrappers.GenericWrappers.takeSnap(GenericWrappers.java:570)
	at utils.Reporter.reportStep(Reporter.java:19)
	at wrappers.GenericWrappers.takeSnap(GenericWrappers.java:570)
	at utils.Reporter.reportStep(Reporter.java:19)
	at wrappers.GenericWrappers.takeSnap(GenericWrappers.java:570)
	at utils.Reporter.reportStep(Reporter.java:19)
	at wrappers.GenericWrappers.takeSnap(GenericWrappers.java:570)
	at utils.Reporter.reportStep(Reporter.java:19)
	at wrappers.GenericWrappers.takeSnap(GenericWrappers.java:570)
	at utils.Reporter.reportStep(Reporter.java:19)
	at wrappers.GenericWrappers.takeSnap(GenericWrappers.java:570)
	at utils.Reporter.reportStep(Reporter.java:19)
	at wrappers.GenericWrappers.takeSnap(GenericWrappers.java:570)
	at utils.Reporter.reportStep(Reporter.java:19)
	at wrappers.GenericWrappers.takeSnap(GenericWrappers.java:570)
	at utils.Reporter.reportStep(Reporter.java:19)
	at wrappers.GenericWrappers.takeSnap(GenericWrappers.java:570)
	at utils.Reporter.reportStep(Reporter.java:19)
	at wrappers.GenericWrappers.takeSnap(GenericWrappers.java:570)
	at utils.Reporter.reportStep(Reporter.java:19)
	at wrappers.GenericWrappers.takeSnap(GenericWrappers.java:570)
	at utils.Reporter.reportStep(Reporter.java:19)
	at wrappers.GenericWrappers.takeSnap(GenericWrappers.java:570)
	at utils.Reporter.reportStep(Reporter.java:19)
	at wrappers.GenericWrappers.takeSnap(GenericWrappers.java:570)
	at utils.Reporter.reportStep(Reporter.java:19)
	at wrappers.GenericWrappers.takeSnap(GenericWrappers.java:570)
	at utils.Reporter.reportStep(Reporter.java:19)
	at wrappers.GenericWrappers.takeSnap(GenericWrappers.java:570)
	at utils.Reporter.reportStep(Reporter.java:19)
	at wrappers.GenericWrappers.takeSnap(GenericWrappers.java:570)
	at utils.Reporter.reportStep(Reporter.java:19)
	at wrappers.GenericWrappers.takeSnap(GenericWrappers.java:570)
	at utils.Reporter.reportStep(Reporter.java:19)
	at wrappers.GenericWrappers.takeSnap(GenericWrappers.java:570)
	at utils.Reporter.reportStep(Reporter.java:19)
	at wrappers.GenericWrappers.takeSnap(GenericWrappers.java:570)
	at utils.Reporter.reportStep(Reporter.java:19)
	at wrappers.GenericWrappers.takeSnap(GenericWrappers.java:570)
	at utils.Reporter.reportStep(Reporter.java:19)
	at wrappers.GenericWrappers.takeSnap(GenericWrappers.java:570)
	at utils.Reporter.reportStep(Reporter.java:19)
	at wrappers.GenericWrappers.takeSnap(GenericWrappers.java:570)
	at utils.Reporter.reportStep(Reporter.java:19)
	at wrappers.GenericWrappers.takeSnap(GenericWrappers.java:570)
	at utils.Reporter.reportStep(Reporter.java:19)
	at wrappers.GenericWrappers.takeSnap(GenericWrappers.java:570)
	at utils.Reporter.reportStep(Reporter.java:19)
	at wrappers.GenericWrappers.takeSnap(GenericWrappers.java:570)
	at utils.Reporter.reportStep(Reporter.java:19)
	at wrappers.GenericWrappers.takeSnap(GenericWrappers.java:570)
	at utils.Reporter.reportStep(Reporter.java:19)
	at wrappers.GenericWrappers.takeSnap(GenericWrappers.java:570)
	at utils.Reporter.reportStep(Reporter.java:19)
	at wrappers.GenericWrappers.takeSnap(GenericWrappers.java:570)
	at utils.Reporter.reportStep(Reporter.java:19)
	at wrappers.GenericWrappers.takeSnap(GenericWrappers.java:570)
	at utils.Reporter.reportStep(Reporter.java:19)
	at wrappers.GenericWrappers.takeSnap(GenericWrappers.java:570)
	at utils.Reporter.reportStep(Reporter.java:19)
	at wrappers.GenericWrappers.takeSnap(GenericWrappers.java:570)
	at utils.Reporter.reportStep(Reporter.java:19)
	at wrappers.GenericWrappers.takeSnap(GenericWrappers.java:570)
	at utils.Reporter.reportStep(Reporter.java:19)
	at wrappers.GenericWrappers.takeSnap(GenericWrappers.java:570)
	at utils.Reporter.reportStep(Reporter.java:19)
	at wrappers.GenericWrappers.takeSnap(GenericWrappers.java:570)
	at utils.Reporter.reportStep(Reporter.java:19)
	at wrappers.GenericWrappers.takeSnap(GenericWrappers.java:570)
	at utils.Reporter.reportStep(Reporter.java:19)
	at wrappers.GenericWrappers.takeSnap(GenericWrappers.java:570)
	at utils.Reporter.reportStep(Reporter.java:19)
	at wrappers.GenericWrappers.takeSnap(GenericWrappers.java:570)
	at utils.Reporter.reportStep(Reporter.java:19)
	at wrappers.GenericWrappers.takeSnap(GenericWrappers.java:570)
	at utils.Reporter.reportStep(Reporter.java:19)
	at wrappers.GenericWrappers.takeSnap(GenericWrappers.java:570)
	at utils.Reporter.reportStep(Reporter.java:19)
	at wrappers.GenericWrappers.takeSnap(GenericWrappers.java:570)
	at utils.Reporter.reportStep(Reporter.java:19)
	at wrappers.GenericWrappers.takeSnap(GenericWrappers.java:570)
	at utils.Reporter.reportStep(Reporter.java:19)
	at wrappers.GenericWrappers.takeSnap(GenericWrappers.java:570)
	at utils.Reporter.reportStep(Reporter.java:19)
	at wrappers.GenericWrappers.takeSnap(GenericWrappers.java:570)
	at utils.Reporter.reportStep(Reporter.java:19)
	at wrappers.GenericWrappers.takeSnap(GenericWrappers.java:570)
	at utils.Reporter.reportStep(Reporter.java:19)
	at wrappers.GenericWrappers.takeSnap(GenericWrappers.java:570)
	at utils.Reporter.reportStep(Reporter.java:19)
	at wrappers.GenericWrappers.takeSnap(GenericWrappers.java:570)
	at utils.Reporter.reportStep(Reporter.java:19)
	at wrappers.GenericWrappers.takeSnap(GenericWrappers.java:570)
	at utils.Reporter.reportStep(Reporter.java:19)
	at wrappers.GenericWrappers.takeSnap(GenericWrappers.java:570)
	at utils.Reporter.reportStep(Reporter.java:19)
	at wrappers.GenericWrappers.takeSnap(GenericWrappers.java:570)
	at utils.Reporter.reportStep(Reporter.java:19)
	at wrappers.GenericWrappers.takeSnap(GenericWrappers.java:570)
	at utils.Reporter.reportStep(Reporter.java:19)
	at wrappers.GenericWrappers.takeSnap(GenericWrappers.java:570)
	at utils.Reporter.reportStep(Reporter.java:19)
	at wrappers.GenericWrappers.takeSnap(GenericWrappers.java:570)
	at utils.Reporter.reportStep(Reporter.java:19)
	at wrappers.GenericWrappers.takeSnap(GenericWrappers.java:570)
	at utils.Reporter.reportStep(Reporter.java:19)
	at wrappers.GenericWrappers.takeSnap(GenericWrappers.java:570)
	at utils.Reporter.reportStep(Reporter.java:19)
	at wrappers.GenericWrappers.takeSnap(GenericWrappers.java:570)
	at utils.Reporter.reportStep(Reporter.java:19)
	at wrappers.GenericWrappers.takeSnap(GenericWrappers.java:570)
	at utils.Reporter.reportStep(Reporter.java:19)
	at wrappers.GenericWrappers.takeSnap(GenericWrappers.java:570)
	at utils.Reporter.reportStep(Reporter.java:19)
	at wrappers.GenericWrappers.takeSnap(GenericWrappers.java:570)
	at utils.Reporter.reportStep(Reporter.java:19)
	at wrappers.GenericWrappers.takeSnap(GenericWrappers.java:570)
	at utils.Reporter.reportStep(Reporter.java:19)
	at wrappers.GenericWrappers.takeSnap(GenericWrappers.java:570)
	at utils.Reporter.reportStep(Reporter.java:19)
	at wrappers.GenericWrappers.takeSnap(GenericWrappers.java:570)
	at utils.Reporter.reportStep(Reporter.java:19)
	at wrappers.GenericWrappers.takeSnap(GenericWrappers.java:570)
	at utils.Reporter.reportStep(Reporter.java:19)
	at wrappers.GenericWrappers.takeSnap(GenericWrappers.java:570)
	at utils.Reporter.reportStep(Reporter.java:19)
	at wrappers.GenericWrappers.takeSnap(GenericWrappers.java:570)
	at utils.Reporter.reportStep(Reporter.java:19)
	at wrappers.GenericWrappers.takeSnap(GenericWrappers.java:570)
	at utils.Reporter.reportStep(Reporter.java:19)
	at wrappers.GenericWrappers.takeSnap(GenericWrappers.java:570)
	at utils.Reporter.reportStep(Reporter.java:19)
	at wrappers.GenericWrappers.takeSnap(GenericWrappers.java:570)
	at utils.Reporter.reportStep(Reporter.java:19)
	at wrappers.GenericWrappers.takeSnap(GenericWrappers.java:570)
	at utils.Reporter.reportStep(Reporter.java:19)
	at wrappers.GenericWrappers.takeSnap(GenericWrappers.java:570)
	at utils.Reporter.reportStep(Reporter.java:19)
	at wrappers.GenericWrappers.takeSnap(GenericWrappers.java:570)
	at utils.Reporter.reportStep(Reporter.java:19)
	at wrappers.GenericWrappers.takeSnap(GenericWrappers.java:570)
	at utils.Reporter.reportStep(Reporter.java:19)
	at wrappers.GenericWrappers.takeSnap(GenericWrappers.java:570)
	at utils.Reporter.reportStep(Reporter.java:19)
	at wrappers.GenericWrappers.takeSnap(GenericWrappers.java:570)
	at utils.Reporter.reportStep(Reporter.java:19)
	at wrappers.GenericWrappers.takeSnap(GenericWrappers.java:570)
	at utils.Reporter.reportStep(Reporter.java:19)
	at wrappers.GenericWrappers.takeSnap(GenericWrappers.java:570)
	at utils.Reporter.reportStep(Reporter.java:19)
	at wrappers.GenericWrappers.takeSnap(GenericWrappers.java:570)
	at utils.Reporter.reportStep(Reporter.java:19)
	at wrappers.GenericWrappers.takeSnap(GenericWrappers.java:570)
	at utils.Reporter.reportStep(Reporter.java:19)
	at wrappers.GenericWrappers.takeSnap(GenericWrappers.java:570)
	at utils.Reporter.reportStep(Reporter.java:19)
	at wrappers.GenericWrappers.takeSnap(GenericWrappers.java:570)
	at utils.Reporter.reportStep(Reporter.java:19)
	at wrappers.GenericWrappers.takeSnap(GenericWrappers.java:570)
	at utils.Reporter.reportStep(Reporter.java:19)
	at wrappers.GenericWrappers.takeSnap(GenericWrappers.java:570)
	at utils.Reporter.reportStep(Reporter.java:19)
	at wrappers.GenericWrappers.takeSnap(GenericWrappers.java:570)
	at utils.Reporter.reportStep(Reporter.java:19)
	at wrappers.GenericWrappers.takeSnap(GenericWrappers.java:570)
	at utils.Reporter.reportStep(Reporter.java:19)
	at wrappers.GenericWrappers.takeSnap(GenericWrappers.java:570)
	at utils.Reporter.reportStep(Reporter.java:19)
	at wrappers.GenericWrappers.takeSnap(GenericWrappers.java:570)
	at utils.Reporter.reportStep(Reporter.java:19)
	at wrappers.GenericWrappers.takeSnap(GenericWrappers.java:570)
	at utils.Reporter.reportStep(Reporter.java:19)
	at wrappers.GenericWrappers.takeSnap(GenericWrappers.java:570)
	at utils.Reporter.reportStep(Reporter.java:19)
	at wrappers.GenericWrappers.takeSnap(GenericWrappers.java:570)
	at utils.Reporter.reportStep(Reporter.java:19)
	at wrappers.GenericWrappers.takeSnap(GenericWrappers.java:570)
	at utils.Reporter.reportStep(Reporter.java:19)
	at wrappers.GenericWrappers.takeSnap(GenericWrappers.java:570)
	at utils.Reporter.reportStep(Reporter.java:19)
	at wrappers.GenericWrappers.takeSnap(GenericWrappers.java:570)
	at utils.Reporter.reportStep(Reporter.java:19)
	at wrappers.GenericWrappers.takeSnap(GenericWrappers.java:570)
	at utils.Reporter.reportStep(Reporter.java:19)
	at wrappers.GenericWrappers.takeSnap(GenericWrappers.java:570)
	at utils.Reporter.reportStep(Reporter.java:19)
	at wrappers.GenericWrappers.takeSnap(GenericWrappers.java:570)
	at utils.Reporter.reportStep(Reporter.java:19)
	at wrappers.GenericWrappers.takeSnap(GenericWrappers.java:570)
	at utils.Reporter.reportStep(Reporter.java:19)
	at wrappers.GenericWrappers.takeSnap(GenericWrappers.java:570)
	at utils.Reporter.reportStep(Reporter.java:19)
	at wrappers.GenericWrappers.takeSnap(GenericWrappers.java:570)
	at utils.Reporter.reportStep(Reporter.java:19)
	at wrappers.GenericWrappers.takeSnap(GenericWrappers.java:570)
	at utils.Reporter.reportStep(Reporter.java:19)
	at wrappers.GenericWrappers.takeSnap(GenericWrappers.java:570)
	at utils.Reporter.reportStep(Reporter.java:19)
	at wrappers.GenericWrappers.takeSnap(GenericWrappers.java:570)
	at utils.Reporter.reportStep(Reporter.java:19)
	at wrappers.GenericWrappers.takeSnap(GenericWrappers.java:570)
	at utils.Reporter.reportStep(Reporter.java:19)
	at wrappers.GenericWrappers.takeSnap(GenericWrappers.java:570)
	at utils.Reporter.reportStep(Reporter.java:19)
	at wrappers.GenericWrappers.takeSnap(GenericWrappers.java:570)
	at utils.Reporter.reportStep(Reporter.java:19)
	at wrappers.GenericWrappers.takeSnap(GenericWrappers.java:570)
	at utils.Reporter.reportStep(Reporter.java:19)
	at wrappers.GenericWrappers.takeSnap(GenericWrappers.java:570)
	at utils.Reporter.reportStep(Reporter.java:19)
	at wrappers.GenericWrappers.takeSnap(GenericWrappers.java:570)
	at utils.Reporter.reportStep(Reporter.java:19)
	at wrappers.GenericWrappers.takeSnap(GenericWrappers.java:570)
	at utils.Reporter.reportStep(Reporter.java:19)
	at wrappers.GenericWrappers.takeSnap(GenericWrappers.java:570)
	at utils.Reporter.reportStep(Reporter.java:19)
	at wrappers.GenericWrappers.takeSnap(GenericWrappers.java:570)
	at utils.Reporter.reportStep(Reporter.java:19)
	at wrappers.GenericWrappers.takeSnap(GenericWrappers.java:570)
	at utils.Reporter.reportStep(Reporter.java:19)
	at wrappers.GenericWrappers.takeSnap(GenericWrappers.java:570)
	at utils.Reporter.reportStep(Reporter.java:19)
	at wrappers.GenericWrappers.takeSnap(GenericWrappers.java:570)
	at utils.Reporter.reportStep(Reporter.java:19)
	at wrappers.GenericWrappers.takeSnap(GenericWrappers.java:570)
	at utils.Reporter.reportStep(Reporter.java:19)
	at wrappers.GenericWrappers.takeSnap(GenericWrappers.java:570)
	at utils.Reporter.reportStep(Reporter.java:19)
	at wrappers.GenericWrappers.takeSnap(GenericWrappers.java:570)
	at utils.Reporter.reportStep(Reporter.java:19)
	at wrappers.GenericWrappers.takeSnap(GenericWrappers.java:570)
	at utils.Reporter.reportStep(Reporter.java:19)
	at wrappers.GenericWrappers.takeSnap(GenericWrappers.java:570)
	at utils.Reporter.reportStep(Reporter.java:19)
	at wrappers.GenericWrappers.takeSnap(GenericWrappers.java:570)
	at utils.Reporter.reportStep(Reporter.java:19)
	at wrappers.GenericWrappers.takeSnap(GenericWrappers.java:570)
	at utils.Reporter.reportStep(Reporter.java:19)
	at wrappers.GenericWrappers.takeSnap(GenericWrappers.java:570)
	at utils.Reporter.reportStep(Reporter.java:19)
	at wrappers.GenericWrappers.takeSnap(GenericWrappers.java:570)
	at utils.Reporter.reportStep(Reporter.java:19)
	at wrappers.GenericWrappers.takeSnap(GenericWrappers.java:570)
	at utils.Reporter.reportStep(Reporter.java:19)
	at wrappers.GenericWrappers.takeSnap(GenericWrappers.java:570)
	at utils.Reporter.reportStep(Reporter.java:19)
	at wrappers.GenericWrappers.takeSnap(GenericWrappers.java:570)
	at utils.Reporter.reportStep(Reporter.java:19)
	at wrappers.GenericWrappers.takeSnap(GenericWrappers.java:570)
	at utils.Reporter.reportStep(Reporter.java:19)
	at wrappers.GenericWrappers.takeSnap(GenericWrappers.java:570)
	at utils.Reporter.reportStep(Reporter.java:19)
	at wrappers.GenericWrappers.takeSnap(GenericWrappers.java:570)
	at utils.Reporter.reportStep(Reporter.java:19)
	at wrappers.GenericWrappers.takeSnap(GenericWrappers.java:570)
	at utils.Reporter.reportStep(Reporter.java:19)
	at wrappers.GenericWrappers.takeSnap(GenericWrappers.java:570)
	at utils.Reporter.reportStep(Reporter.java:19)
	at wrappers.GenericWrappers.takeSnap(GenericWrappers.java:570)
	at utils.Reporter.reportStep(Reporter.java:19)
	at wrappers.GenericWrappers.takeSnap(GenericWrappers.java:570)
	at utils.Reporter.reportStep(Reporter.java:19)
	at wrappers.GenericWrappers.takeSnap(GenericWrappers.java:570)
	at utils.Reporter.reportStep(Reporter.java:19)
	at wrappers.GenericWrappers.takeSnap(GenericWrappers.java:570)
	at utils.Reporter.reportStep(Reporter.java:19)
	at wrappers.GenericWrappers.takeSnap(GenericWrappers.java:570)
	at utils.Reporter.reportStep(Reporter.java:19)
	at wrappers.GenericWrappers.takeSnap(GenericWrappers.java:570)
	at utils.Reporter.reportStep(Reporter.java:19)
	at wrappers.GenericWrappers.takeSnap(GenericWrappers.java:570)
	at utils.Reporter.reportStep(Reporter.java:19)
	at wrappers.GenericWrappers.takeSnap(GenericWrappers.java:570)
	at utils.Reporter.reportStep(Reporter.java:19)
	at wrappers.GenericWrappers.takeSnap(GenericWrappers.java:570)
	at utils.Reporter.reportStep(Reporter.java:19)
	at wrappers.GenericWrappers.takeSnap(GenericWrappers.java:570)
	at utils.Reporter.reportStep(Reporter.java:19)
	at wrappers.GenericWrappers.takeSnap(GenericWrappers.java:570)
	at utils.Reporter.reportStep(Reporter.java:19)
	at wrappers.GenericWrappers.takeSnap(GenericWrappers.java:570)
	at utils.Reporter.reportStep(Reporter.java:19)
	at wrappers.GenericWrappers.takeSnap(GenericWrappers.java:570)
	at utils.Reporter.reportStep(Reporter.java:19)
	at wrappers.GenericWrappers.takeSnap(GenericWrappers.java:570)
	at utils.Reporter.reportStep(Reporter.java:19)
	at wrappers.GenericWrappers.takeSnap(GenericWrappers.java:570)
	at utils.Reporter.reportStep(Reporter.java:19)
	at wrappers.GenericWrappers.takeSnap(GenericWrappers.java:570)
	at utils.Reporter.reportStep(Reporter.java:19)
	at wrappers.GenericWrappers.takeSnap(GenericWrappers.java:570)
	at utils.Reporter.reportStep(Reporter.java:19)
	at wrappers.GenericWrappers.takeSnap(GenericWrappers.java:570)
	at utils.Reporter.reportStep(Reporter.java:19)
	at wrappers.GenericWrappers.takeSnap(GenericWrappers.java:570)
	at utils.Reporter.reportStep(Reporter.java:19)
	at wrappers.GenericWrappers.takeSnap(GenericWrappers.java:570)
	at utils.Reporter.reportStep(Reporter.java:19)
	at wrappers.GenericWrappers.takeSnap(GenericWrappers.java:570)
	at utils.Reporter.reportStep(Reporter.java:19)
	at wrappers.GenericWrappers.takeSnap(GenericWrappers.java:570)
	at utils.Reporter.reportStep(Reporter.java:19)
	at wrappers.GenericWrappers.takeSnap(GenericWrappers.java:570)
	at utils.Reporter.reportStep(Reporter.java:19)
	at wrappers.GenericWrappers.takeSnap(GenericWrappers.java:570)
	at utils.Reporter.reportStep(Reporter.java:19)
	at wrappers.GenericWrappers.takeSnap(GenericWrappers.java:570)
	at utils.Reporter.reportStep(Reporter.java:19)
	at wrappers.GenericWrappers.takeSnap(GenericWrappers.java:570)
	at utils.Reporter.reportStep(Reporter.java:19)
	at wrappers.GenericWrappers.takeSnap(GenericWrappers.java:570)
	at utils.Reporter.reportStep(Reporter.java:19)
	at wrappers.GenericWrappers.takeSnap(GenericWrappers.java:570)
	at utils.Reporter.reportStep(Reporter.java:19)
	at wrappers.GenericWrappers.takeSnap(GenericWrappers.java:570)
	at utils.Reporter.reportStep(Reporter.java:19)
	at wrappers.GenericWrappers.takeSnap(GenericWrappers.java:570)
	at utils.Reporter.reportStep(Reporter.java:19)
	at wrappers.GenericWrappers.takeSnap(GenericWrappers.java:570)
	at utils.Reporter.reportStep(Reporter.java:19)
	at wrappers.GenericWrappers.takeSnap(GenericWrappers.java:570)
	at utils.Reporter.reportStep(Reporter.java:19)
	at wrappers.GenericWrappers.takeSnap(GenericWrappers.java:570)
	at utils.Reporter.reportStep(Reporter.java:19)
	at wrappers.GenericWrappers.takeSnap(GenericWrappers.java:570)
	at utils.Reporter.reportStep(Reporter.java:19)
	at wrappers.GenericWrappers.takeSnap(GenericWrappers.java:570)
	at utils.Reporter.reportStep(Reporter.java:19)
	at wrappers.GenericWrappers.takeSnap(GenericWrappers.java:570)
	at utils.Reporter.reportStep(Reporter.java:19)
	at wrappers.GenericWrappers.takeSnap(GenericWrappers.java:570)
	at utils.Reporter.reportStep(Reporter.java:19)
	at wrappers.GenericWrappers.takeSnap(GenericWrappers.java:570)
	at utils.Reporter.reportStep(Reporter.java:19)
	at wrappers.GenericWrappers.takeSnap(GenericWrappers.java:570)
	at utils.Reporter.reportStep(Reporter.java:19)
	at wrappers.GenericWrappers.takeSnap(GenericWrappers.java:570)
	at utils.Reporter.reportStep(Reporter.java:19)
	at wrappers.GenericWrappers.takeSnap(GenericWrappers.java:570)
	at utils.Reporter.reportStep(Reporter.java:19)
	at wrappers.GenericWrappers.takeSnap(GenericWrappers.java:570)
	at utils.Reporter.reportStep(Reporter.java:19)
	at wrappers.GenericWrappers.takeSnap(GenericWrappers.java:570)
	at utils.Reporter.reportStep(Reporter.java:19)
	at wrappers.GenericWrappers.takeSnap(GenericWrappers.java:570)
	at utils.Reporter.reportStep(Reporter.java:19)
	at wrappers.GenericWrappers.takeSnap(GenericWrappers.java:570)
	at utils.Reporter.reportStep(Reporter.java:19)
	at wrappers.GenericWrappers.takeSnap(GenericWrappers.java:570)
	at utils.Reporter.reportStep(Reporter.java:19)
	at wrappers.GenericWrappers.takeSnap(GenericWrappers.java:570)
	at utils.Reporter.reportStep(Reporter.java:19)
	at wrappers.GenericWrappers.takeSnap(GenericWrappers.java:570)
	at utils.Reporter.reportStep(Reporter.java:19)
	at wrappers.GenericWrappers.takeSnap(GenericWrappers.java:570)
	at utils.Reporter.reportStep(Reporter.java:19)
	at wrappers.GenericWrappers.takeSnap(GenericWrappers.java:570)
	at utils.Reporter.reportStep(Reporter.java:19)
	at wrappers.GenericWrappers.takeSnap(GenericWrappers.java:570)
	at utils.Reporter.reportStep(Reporter.java:19)
	at wrappers.GenericWrappers.takeSnap(GenericWrappers.java:570)
	at utils.Reporter.reportStep(Reporter.java:19)
	at wrappers.GenericWrappers.takeSnap(GenericWrappers.java:570)
	at utils.Reporter.reportStep(Reporter.java:19)
	at wrappers.GenericWrappers.takeSnap(GenericWrappers.java:570)
	at utils.Reporter.reportStep(Reporter.java:19)
	at wrappers.GenericWrappers.takeSnap(GenericWrappers.java:570)
	at utils.Reporter.reportStep(Reporter.java:19)
	at wrappers.GenericWrappers.takeSnap(GenericWrappers.java:570)
	at utils.Reporter.reportStep(Reporter.java:19)
	at wrappers.GenericWrappers.takeSnap(GenericWrappers.java:570)
	at utils.Reporter.reportStep(Reporter.java:19)
	at wrappers.GenericWrappers.takeSnap(GenericWrappers.java:570)
	at utils.Reporter.reportStep(Reporter.java:19)
	at wrappers.GenericWrappers.takeSnap(GenericWrappers.java:570)
	at utils.Reporter.reportStep(Reporter.java:19)
	at wrappers.GenericWrappers.takeSnap(GenericWrappers.java:570)
	at utils.Reporter.reportStep(Reporter.java:19)
	at wrappers.GenericWrappers.takeSnap(GenericWrappers.java:570)
	at utils.Reporter.reportStep(Reporter.java:19)
	at wrappers.GenericWrappers.takeSnap(GenericWrappers.java:570)
	at utils.Reporter.reportStep(Reporter.java:19)
	at wrappers.GenericWrappers.takeSnap(GenericWrappers.java:570)
	at utils.Reporter.reportStep(Reporter.java:19)
	at wrappers.GenericWrappers.takeSnap(GenericWrappers.java:570)
	at utils.Reporter.reportStep(Reporter.java:19)
	at wrappers.GenericWrappers.takeSnap(GenericWrappers.java:570)
	at utils.Reporter.reportStep(Reporter.java:19)
	at wrappers.GenericWrappers.takeSnap(GenericWrappers.java:570)
	at utils.Reporter.reportStep(Reporter.java:19)
	at wrappers.GenericWrappers.takeSnap(GenericWrappers.java:570)
	at utils.Reporter.reportStep(Reporter.java:19)
	at wrappers.GenericWrappers.takeSnap(GenericWrappers.java:570)
	at utils.Reporter.reportStep(Reporter.java:19)
	at wrappers.GenericWrappers.takeSnap(GenericWrappers.java:570)
	at utils.Reporter.reportStep(Reporter.java:19)
	at wrappers.GenericWrappers.takeSnap(GenericWrappers.java:570)
	at utils.Reporter.reportStep(Reporter.java:19)
	at wrappers.GenericWrappers.takeSnap(GenericWrappers.java:570)
	at utils.Reporter.reportStep(Reporter.java:19)
	at wrappers.GenericWrappers.takeSnap(GenericWrappers.java:570)
	at utils.Reporter.reportStep(Reporter.java:19)
	at wrappers.GenericWrappers.takeSnap(GenericWrappers.java:570)
	at utils.Reporter.reportStep(Reporter.java:19)
	at wrappers.GenericWrappers.takeSnap(GenericWrappers.java:570)
	at utils.Reporter.reportStep(Reporter.java:19)
	at wrappers.GenericWrappers.takeSnap(GenericWrappers.java:570)
	at utils.Reporter.reportStep(Reporter.java:19)
	at wrappers.GenericWrappers.takeSnap(GenericWrappers.java:570)
	at utils.Reporter.reportStep(Reporter.java:19)
	at wrappers.GenericWrappers.takeSnap(GenericWrappers.java:570)
	at utils.Reporter.reportStep(Reporter.java:19)
	at wrappers.GenericWrappers.takeSnap(GenericWrappers.java:570)
	at utils.Reporter.reportStep(Reporter.java:19)
	at wrappers.GenericWrappers.takeSnap(GenericWrappers.java:570)
	at utils.Reporter.reportStep(Reporter.java:19)
	at wrappers.GenericWrappers.takeSnap(GenericWrappers.java:570)
	at utils.Reporter.reportStep(Reporter.java:19)
	at wrappers.GenericWrappers.takeSnap(GenericWrappers.java:570)
	at utils.Reporter.reportStep(Reporter.java:19)
	at wrappers.GenericWrappers.takeSnap(GenericWrappers.java:570)
	at utils.Reporter.reportStep(Reporter.java:19)
	at wrappers.GenericWrappers.takeSnap(GenericWrappers.java:570)
	at utils.Reporter.reportStep(Reporter.java:19)
	at wrappers.GenericWrappers.takeSnap(GenericWrappers.java:570)
	at utils.Reporter.reportStep(Reporter.java:19)
	at wrappers.GenericWrappers.takeSnap(GenericWrappers.java:570)
	at utils.Reporter.reportStep(Reporter.java:19)
	at wrappers.GenericWrappers.takeSnap(GenericWrappers.java:570)
	at utils.Reporter.reportStep(Reporter.java:19)
	at wrappers.GenericWrappers.takeSnap(GenericWrappers.java:570)
	at utils.Reporter.reportStep(Reporter.java:19)
	at wrappers.GenericWrappers.takeSnap(GenericWrappers.java:570)
	at utils.Reporter.reportStep(Reporter.java:19)
	at wrappers.GenericWrappers.takeSnap(GenericWrappers.java:570)
	at utils.Reporter.reportStep(Reporter.java:19)
	at wrappers.GenericWrappers.takeSnap(GenericWrappers.java:570)
	at utils.Reporter.reportStep(Reporter.java:19)
	at wrappers.GenericWrappers.takeSnap(GenericWrappers.java:570)
	at utils.Reporter.reportStep(Reporter.java:19)
	at wrappers.GenericWrappers.takeSnap(GenericWrappers.java:570)
	at utils.Reporter.reportStep(Reporter.java:19)
	at wrappers.GenericWrappers.takeSnap(GenericWrappers.java:570)
	at utils.Reporter.reportStep(Reporter.java:19)
	at wrappers.GenericWrappers.takeSnap(GenericWrappers.java:570)
	at utils.Reporter.reportStep(Reporter.java:19)
	at wrappers.GenericWrappers.takeSnap(GenericWrappers.java:570)
	at utils.Reporter.reportStep(Reporter.java:19)
	at wrappers.GenericWrappers.takeSnap(GenericWrappers.java:570)
	at utils.Reporter.reportStep(Reporter.java:19)
	at wrappers.GenericWrappers.takeSnap(GenericWrappers.java:570)
	at utils.Reporter.reportStep(Reporter.java:19)
	at wrappers.GenericWrappers.takeSnap(GenericWrappers.java:570)
	at utils.Reporter.reportStep(Reporter.java:19)
	at wrappers.GenericWrappers.takeSnap(GenericWrappers.java:570)
	at utils.Reporter.reportStep(Reporter.java:19)
	at wrappers.GenericWrappers.takeSnap(GenericWrappers.java:570)
	at utils.Reporter.reportStep(Reporter.java:19)
	at wrappers.GenericWrappers.takeSnap(GenericWrappers.java:570)
	at utils.Reporter.reportStep(Reporter.java:19)
	at wrappers.GenericWrappers.takeSnap(GenericWrappers.java:570)
	at utils.Reporter.reportStep(Reporter.java:19)
	at wrappers.GenericWrappers.takeSnap(GenericWrappers.java:570)
	at utils.Reporter.reportStep(Reporter.java:19)
	at wrappers.GenericWrappers.takeSnap(GenericWrappers.java:570)
	at utils.Reporter.reportStep(Reporter.java:19)
	at wrappers.GenericWrappers.takeSnap(GenericWrappers.java:570)
	at utils.Reporter.reportStep(Reporter.java:19)
	at wrappers.GenericWrappers.takeSnap(GenericWrappers.java:570)
	at utils.Reporter.reportStep(Reporter.java:19)
	at wrappers.GenericWrappers.takeSnap(GenericWrappers.java:570)
	at utils.Reporter.reportStep(Reporter.java:19)
	at wrappers.GenericWrappers.takeSnap(GenericWrappers.java:570)
	at utils.Reporter.reportStep(Reporter.java:19)
	at wrappers.GenericWrappers.takeSnap(GenericWrappers.java:570)
	at utils.Reporter.reportStep(Reporter.java:19)
	at wrappers.GenericWrappers.takeSnap(GenericWrappers.java:570)
	at utils.Reporter.reportStep(Reporter.java:19)
	at wrappers.GenericWrappers.takeSnap(GenericWrappers.java:570)
	at utils.Reporter.reportStep(Reporter.java:19)
	at wrappers.GenericWrappers.takeSnap(GenericWrappers.java:570)
	at utils.Reporter.reportStep(Reporter.java:19)
	at wrappers.GenericWrappers.takeSnap(GenericWrappers.java:570)
	at utils.Reporter.reportStep(Reporter.java:19)
	at wrappers.GenericWrappers.takeSnap(GenericWrappers.java:570)
	at utils.Reporter.reportStep(Reporter.java:19)
	at wrappers.GenericWrappers.takeSnap(GenericWrappers.java:570)
	at utils.Reporter.reportStep(Reporter.java:19)
	at wrappers.GenericWrappers.takeSnap(GenericWrappers.java:570)
	at utils.Reporter.reportStep(Reporter.java:19)
	at wrappers.GenericWrappers.takeSnap(GenericWrappers.java:570)
	at utils.Reporter.reportStep(Reporter.java:19)
	at wrappers.GenericWrappers.takeSnap(GenericWrappers.java:570)
	at utils.Reporter.reportStep(Reporter.java:19)
	at wrappers.GenericWrappers.takeSnap(GenericWrappers.java:570)
	at utils.Reporter.reportStep(Reporter.java:19)
	at wrappers.GenericWrappers.takeSnap(GenericWrappers.java:570)
	at utils.Reporter.reportStep(Reporter.java:19)
	at wrappers.GenericWrappers.takeSnap(GenericWrappers.java:570)
	at utils.Reporter.reportStep(Reporter.java:19)
	at wrappers.GenericWrappers.takeSnap(GenericWrappers.java:570)
	at utils.Reporter.reportStep(Reporter.java:19)
	at wrappers.GenericWrappers.takeSnap(GenericWrappers.java:570)
	at utils.Reporter.reportStep(Reporter.java:19)
	at wrappers.GenericWrappers.takeSnap(GenericWrappers.java:570)
	at utils.Reporter.reportStep(Reporter.java:19)
	at wrappers.GenericWrappers.takeSnap(GenericWrappers.java:570)
	at utils.Reporter.reportStep(Reporter.java:19)
	at wrappers.GenericWrappers.takeSnap(GenericWrappers.java:570)
	at utils.Reporter.reportStep(Reporter.java:19)
	at wrappers.GenericWrappers.takeSnap(GenericWrappers.java:570)
	at utils.Reporter.reportStep(Reporter.java:19)
	at wrappers.GenericWrappers.takeSnap(GenericWrappers.java:570)
	at utils.Reporter.reportStep(Reporter.java:19)
	at wrappers.GenericWrappers.takeSnap(GenericWrappers.java:570)
	at utils.Reporter.reportStep(Reporter.java:19)
	at wrappers.GenericWrappers.takeSnap(GenericWrappers.java:570)
	at utils.Reporter.reportStep(Reporter.java:19)
	at wrappers.GenericWrappers.takeSnap(GenericWrappers.java:570)
	at utils.Reporter.reportStep(Reporter.java:19)
	at wrappers.GenericWrappers.takeSnap(GenericWrappers.java:570)
	at utils.Reporter.reportStep(Reporter.java:19)
	at wrappers.GenericWrappers.takeSnap(GenericWrappers.java:570)
	at utils.Reporter.reportStep(Reporter.java:19)
	at wrappers.GenericWrappers.takeSnap(GenericWrappers.java:570)
	at utils.Reporter.reportStep(Reporter.java:19)
	at wrappers.GenericWrappers.takeSnap(GenericWrappers.java:570)
	at utils.Reporter.reportStep(Reporter.java:19)
	at wrappers.GenericWrappers.takeSnap(GenericWrappers.java:570)
	at utils.Reporter.reportStep(Reporter.java:19)
	at wrappers.GenericWrappers.takeSnap(GenericWrappers.java:570)
	at utils.Reporter.reportStep(Reporter.java:19)
	at wrappers.GenericWrappers.takeSnap(GenericWrappers.java:570)
	at utils.Reporter.reportStep(Reporter.java:19)
	at wrappers.GenericWrappers.takeSnap(GenericWrappers.java:570)
	at utils.Reporter.reportStep(Reporter.java:19)
	at wrappers.GenericWrappers.takeSnap(GenericWrappers.java:570)
	at utils.Reporter.reportStep(Reporter.java:19)
	at wrappers.GenericWrappers.takeSnap(GenericWrappers.java:570)
	at utils.Reporter.reportStep(Reporter.java:19)
	at wrappers.GenericWrappers.takeSnap(GenericWrappers.java:570)
	at utils.Reporter.reportStep(Reporter.java:19)
	at wrappers.GenericWrappers.takeSnap(GenericWrappers.java:570)
	at utils.Reporter.reportStep(Reporter.java:19)
	at wrappers.GenericWrappers.takeSnap(GenericWrappers.java:570)
	at utils.Reporter.reportStep(Reporter.java:19)
	at wrappers.GenericWrappers.takeSnap(GenericWrappers.java:570)
	at utils.Reporter.reportStep(Reporter.java:19)
	at wrappers.GenericWrappers.takeSnap(GenericWrappers.java:570)
	at utils.Reporter.reportStep(Reporter.java:19)
	at wrappers.GenericWrappers.takeSnap(GenericWrappers.java:570)
	at utils.Reporter.reportStep(Reporter.java:19)
	at wrappers.GenericWrappers.takeSnap(GenericWrappers.java:570)
	at utils.Reporter.reportStep(Reporter.java:19)
	at wrappers.GenericWrappers.takeSnap(GenericWrappers.java:570)
	at utils.Reporter.reportStep(Reporter.java:19)
	at wrappers.GenericWrappers.takeSnap(GenericWrappers.java:570)
	at utils.Reporter.reportStep(Reporter.java:19)
	at wrappers.GenericWrappers.takeSnap(GenericWrappers.java:570)
	at utils.Reporter.reportStep(Reporter.java:19)
	at wrappers.GenericWrappers.takeSnap(GenericWrappers.java:570)
	at utils.Reporter.reportStep(Reporter.java:19)
	at wrappers.GenericWrappers.takeSnap(GenericWrappers.java:570)
	at utils.Reporter.reportStep(Reporter.java:19)
	at wrappers.GenericWrappers.takeSnap(GenericWrappers.java:570)
	at utils.Reporter.reportStep(Reporter.java:19)
	at wrappers.GenericWrappers.takeSnap(GenericWrappers.java:570)
	at utils.Reporter.reportStep(Reporter.java:19)
	at wrappers.GenericWrappers.takeSnap(GenericWrappers.java:570)
	at utils.Reporter.reportStep(Reporter.java:19)
	at wrappers.GenericWrappers.takeSnap(GenericWrappers.java:570)
	at utils.Reporter.reportStep(Reporter.java:19)
	at wrappers.GenericWrappers.takeSnap(GenericWrappers.java:570)
	at utils.Reporter.reportStep(Reporter.java:19)
	at wrappers.GenericWrappers.takeSnap(GenericWrappers.java:570)
	at utils.Reporter.reportStep(Reporter.java:19)
	at wrappers.GenericWrappers.takeSnap(GenericWrappers.java:570)
	at utils.Reporter.reportStep(Reporter.java:19)
	at wrappers.GenericWrappers.takeSnap(GenericWrappers.java:570)
	at utils.Reporter.reportStep(Reporter.java:19)
	at wrappers.GenericWrappers.takeSnap(GenericWrappers.java:570)
	at utils.Reporter.reportStep(Reporter.java:19)
	at wrappers.GenericWrappers.takeSnap(GenericWrappers.java:570)
	at utils.Reporter.reportStep(Reporter.java:19)
	at wrappers.GenericWrappers.takeSnap(GenericWrappers.java:570)
	at utils.Reporter.reportStep(Reporter.java:19)
	at wrappers.GenericWrappers.takeSnap(GenericWrappers.java:570)
	at utils.Reporter.reportStep(Reporter.java:19)
	at wrappers.GenericWrappers.takeSnap(GenericWrappers.java:570)
	at utils.Reporter.reportStep(Reporter.java:19)
	at wrappers.GenericWrappers.takeSnap(GenericWrappers.java:570)
	at utils.Reporter.reportStep(Reporter.java:19)
	at wrappers.GenericWrappers.takeSnap(GenericWrappers.java:570)
	at utils.Reporter.reportStep(Reporter.java:19)
	at wrappers.GenericWrappers.takeSnap(GenericWrappers.java:570)
	at utils.Reporter.reportStep(Reporter.java:19)
	at wrappers.GenericWrappers.takeSnap(GenericWrappers.java:570)
	at utils.Reporter.reportStep(Reporter.java:19)
	at wrappers.GenericWrappers.takeSnap(GenericWrappers.java:570)
	at utils.Reporter.reportStep(Reporter.java:19)
	at wrappers.GenericWrappers.takeSnap(GenericWrappers.java:570)
	at utils.Reporter.reportStep(Reporter.java:19)
	at wrappers.GenericWrappers.takeSnap(GenericWrappers.java:570)
	at utils.Reporter.reportStep(Reporter.java:19)
	at wrappers.GenericWrappers.takeSnap(GenericWrappers.java:570)
	at utils.Reporter.reportStep(Reporter.java:19)
	at wrappers.GenericWrappers.takeSnap(GenericWrappers.java:570)
	at utils.Reporter.reportStep(Reporter.java:19)
	at wrappers.GenericWrappers.takeSnap(GenericWrappers.java:570)
	at utils.Reporter.reportStep(Reporter.java:19)
	at wrappers.GenericWrappers.takeSnap(GenericWrappers.java:570)
	at utils.Reporter.reportStep(Reporter.java:19)
	at wrappers.GenericWrappers.takeSnap(GenericWrappers.java:570)
	at utils.Reporter.reportStep(Reporter.java:19)
	at wrappers.GenericWrappers.takeSnap(GenericWrappers.java:570)
	at utils.Reporter.reportStep(Reporter.java:19)
	at wrappers.GenericWrappers.takeSnap(GenericWrappers.java:570)
	at utils.Reporter.reportStep(Reporter.java:19)
	at wrappers.GenericWrappers.takeSnap(GenericWrappers.java:570)
	at utils.Reporter.reportStep(Reporter.java:19)
	at wrappers.GenericWrappers.takeSnap(GenericWrappers.java:570)
	at utils.Reporter.reportStep(Reporter.java:19)
	at wrappers.GenericWrappers.takeSnap(GenericWrappers.java:570)
	at utils.Reporter.reportStep(Reporter.java:19)
	at wrappers.GenericWrappers.takeSnap(GenericWrappers.java:570)
	at utils.Reporter.reportStep(Reporter.java:19)
	at wrappers.GenericWrappers.takeSnap(GenericWrappers.java:570)
	at utils.Reporter.reportStep(Reporter.java:19)
	at wrappers.GenericWrappers.takeSnap(GenericWrappers.java:570)
	at utils.Reporter.reportStep(Reporter.java:19)
	at wrappers.GenericWrappers.takeSnap(GenericWrappers.java:570)
	at utils.Reporter.reportStep(Reporter.java:19)
	at wrappers.GenericWrappers.takeSnap(GenericWrappers.java:570)
	at utils.Reporter.reportStep(Reporter.java:19)
	at wrappers.GenericWrappers.takeSnap(GenericWrappers.java:570)
	at utils.Reporter.reportStep(Reporter.java:19)
	at wrappers.GenericWrappers.takeSnap(GenericWrappers.java:570)
	at utils.Reporter.reportStep(Reporter.java:19)
	at wrappers.GenericWrappers.takeSnap(GenericWrappers.java:570)
	at utils.Reporter.reportStep(Reporter.java:19)
	at wrappers.GenericWrappers.takeSnap(GenericWrappers.java:570)
]]>
            </full-stacktrace>
          </exception> <!-- java.lang.StackOverflowError -->
          <reporter-output>
          </reporter-output>
        </test-method> <!-- beforeMethod -->
        <test-method status="SKIP" signature="login(java.lang.String, java.lang.String, java.lang.String)[pri:0, instance:testCases.TC001_Login@1fb3008]" name="login" duration-ms="1" started-at="2017-10-11T23:00:04Z" data-provider="fetchData" finished-at="2017-10-11T23:00:04Z">
          <params>
            <param index="0">
              <value>
                <![CDATA[DemoCSR]]>
              </value>
            </param>
            <param index="1">
              <value>
                <![CDATA[crmsfa]]>
              </value>
            </param>
            <param index="2">
              <value>
                <![CDATA[Demo B2B CSR]]>
              </value>
            </param>
          </params>
          <reporter-output>
          </reporter-output>
        </test-method> <!-- login -->
        <test-method status="SKIP" signature="afterMethod()[pri:0, instance:testCases.TC001_Login@1fb3008]" name="afterMethod" is-config="true" duration-ms="0" started-at="2017-10-11T23:00:04Z" finished-at="2017-10-11T23:00:04Z">
          <reporter-output>
          </reporter-output>
        </test-method> <!-- afterMethod -->
        <test-method status="SKIP" signature="afterTest()[pri:0, instance:testCases.TC001_Login@1fb3008]" name="afterTest" is-config="true" duration-ms="0" started-at="2017-10-11T23:00:04Z" finished-at="2017-10-11T23:00:04Z">
          <reporter-output>
          </reporter-output>
        </test-method> <!-- afterTest -->
        <test-method status="SKIP" signature="afterSuite()[pri:0, instance:testCases.TC001_Login@1fb3008]" name="afterSuite" is-config="true" duration-ms="0" started-at="2017-10-11T23:00:05Z" finished-at="2017-10-11T23:00:05Z">
          <reporter-output>
          </reporter-output>
        </test-method> <!-- afterSuite -->
      </class> <!-- testCases.TC001_Login -->
    </test> <!-- Default test -->
  </suite> <!-- Default suite -->
</testng-results>
